Time: 2023-07-13 23:40:44.223727
Split to 10 folds

Fold 0:
	Train: index=2925
	Test:  index=325
Start of training ...
	Epoch: 001/100, Training loss: 2.793, Training Accuracy: 22.951
	Epoch: 002/100, Training loss: 2.648, Training Accuracy: 36.701
	Epoch: 003/100, Training loss: 2.585, Training Accuracy: 44.479
	Epoch: 004/100, Training loss: 2.542, Training Accuracy: 47.118
	Epoch: 005/100, Training loss: 2.503, Training Accuracy: 51.146
	Epoch: 006/100, Training loss: 2.468, Training Accuracy: 54.931
	Epoch: 007/100, Training loss: 2.431, Training Accuracy: 58.993
	Epoch: 008/100, Training loss: 2.407, Training Accuracy: 60.729
	Epoch: 009/100, Training loss: 2.390, Training Accuracy: 62.500
	Epoch: 010/100, Training loss: 2.373, Training Accuracy: 64.306
	Epoch: 011/100, Training loss: 2.356, Training Accuracy: 65.104
	Epoch: 012/100, Training loss: 2.348, Training Accuracy: 65.938
	Epoch: 013/100, Training loss: 2.334, Training Accuracy: 67.986
	Epoch: 014/100, Training loss: 2.326, Training Accuracy: 67.465
	Epoch: 015/100, Training loss: 2.323, Training Accuracy: 67.812
	Epoch: 016/100, Training loss: 2.308, Training Accuracy: 69.826
	Epoch: 017/100, Training loss: 2.304, Training Accuracy: 70.417
	Epoch: 018/100, Training loss: 2.293, Training Accuracy: 71.250
	Epoch: 019/100, Training loss: 2.287, Training Accuracy: 71.562
	Epoch: 020/100, Training loss: 2.284, Training Accuracy: 71.806
	Epoch: 021/100, Training loss: 2.279, Training Accuracy: 71.181
	Epoch: 022/100, Training loss: 2.275, Training Accuracy: 72.674
	Epoch: 023/100, Training loss: 2.274, Training Accuracy: 72.604
	Epoch: 024/100, Training loss: 2.269, Training Accuracy: 73.403
	Epoch: 025/100, Training loss: 2.265, Training Accuracy: 73.438
	Epoch: 026/100, Training loss: 2.265, Training Accuracy: 72.986
	Epoch: 027/100, Training loss: 2.255, Training Accuracy: 74.410
	Epoch: 028/100, Training loss: 2.251, Training Accuracy: 74.236
	Epoch: 029/100, Training loss: 2.238, Training Accuracy: 76.354
	Epoch: 030/100, Training loss: 2.238, Training Accuracy: 76.076
	Epoch: 031/100, Training loss: 2.242, Training Accuracy: 75.521
	Epoch: 032/100, Training loss: 2.234, Training Accuracy: 75.833
	Epoch: 033/100, Training loss: 2.231, Training Accuracy: 76.875
	Epoch: 034/100, Training loss: 2.245, Training Accuracy: 74.410
	Epoch: 035/100, Training loss: 2.240, Training Accuracy: 75.069
	Epoch: 036/100, Training loss: 2.225, Training Accuracy: 77.326
	Epoch: 037/100, Training loss: 2.225, Training Accuracy: 77.431
	Epoch: 038/100, Training loss: 2.222, Training Accuracy: 77.465
	Epoch: 039/100, Training loss: 2.219, Training Accuracy: 77.465
	Epoch: 040/100, Training loss: 2.214, Training Accuracy: 78.194
	Epoch: 041/100, Training loss: 2.222, Training Accuracy: 77.292
	Epoch: 042/100, Training loss: 2.224, Training Accuracy: 76.771
	Epoch: 043/100, Training loss: 2.211, Training Accuracy: 78.299
	Epoch: 044/100, Training loss: 2.224, Training Accuracy: 76.875
	Epoch: 045/100, Training loss: 2.205, Training Accuracy: 78.924
	Epoch: 046/100, Training loss: 2.208, Training Accuracy: 78.611
	Epoch: 047/100, Training loss: 2.202, Training Accuracy: 79.167
	Epoch: 048/100, Training loss: 2.210, Training Accuracy: 78.264
	Epoch: 049/100, Training loss: 2.203, Training Accuracy: 79.028
	Epoch: 050/100, Training loss: 2.190, Training Accuracy: 80.278
	Epoch: 051/100, Training loss: 2.191, Training Accuracy: 80.486
	Epoch: 052/100, Training loss: 2.203, Training Accuracy: 78.715
	Epoch: 053/100, Training loss: 2.197, Training Accuracy: 79.479
	Epoch: 054/100, Training loss: 2.190, Training Accuracy: 80.174
	Epoch: 055/100, Training loss: 2.196, Training Accuracy: 79.583
	Epoch: 056/100, Training loss: 2.197, Training Accuracy: 79.444
	Epoch: 057/100, Training loss: 2.183, Training Accuracy: 80.764
	Epoch: 058/100, Training loss: 2.195, Training Accuracy: 79.653
	Epoch: 059/100, Training loss: 2.192, Training Accuracy: 79.826
	Epoch: 060/100, Training loss: 2.185, Training Accuracy: 80.625
	Epoch: 061/100, Training loss: 2.182, Training Accuracy: 81.007
	Epoch: 062/100, Training loss: 2.193, Training Accuracy: 80.035
	Epoch: 063/100, Training loss: 2.180, Training Accuracy: 81.146
	Epoch: 064/100, Training loss: 2.180, Training Accuracy: 80.799
	Epoch: 065/100, Training loss: 2.177, Training Accuracy: 81.701
	Epoch: 066/100, Training loss: 2.173, Training Accuracy: 81.597
	Epoch: 067/100, Training loss: 2.182, Training Accuracy: 80.799
	Epoch: 068/100, Training loss: 2.173, Training Accuracy: 81.736
	Epoch: 069/100, Training loss: 2.173, Training Accuracy: 82.292
	Epoch: 070/100, Training loss: 2.169, Training Accuracy: 82.083
	Epoch: 071/100, Training loss: 2.165, Training Accuracy: 82.812
	Epoch: 072/100, Training loss: 2.163, Training Accuracy: 82.917
	Epoch: 073/100, Training loss: 2.174, Training Accuracy: 81.632
	Epoch: 074/100, Training loss: 2.174, Training Accuracy: 81.250
	Epoch: 075/100, Training loss: 2.163, Training Accuracy: 82.674
	Epoch: 076/100, Training loss: 2.177, Training Accuracy: 81.250
	Epoch: 077/100, Training loss: 2.157, Training Accuracy: 83.924
	Epoch: 078/100, Training loss: 2.167, Training Accuracy: 82.431
	Epoch: 079/100, Training loss: 2.157, Training Accuracy: 83.229
	Epoch: 080/100, Training loss: 2.160, Training Accuracy: 82.986
	Epoch: 081/100, Training loss: 2.166, Training Accuracy: 82.535
	Epoch: 082/100, Training loss: 2.161, Training Accuracy: 83.194
	Epoch: 083/100, Training loss: 2.159, Training Accuracy: 83.090
	Epoch: 084/100, Training loss: 2.161, Training Accuracy: 82.847
	Epoch: 085/100, Training loss: 2.160, Training Accuracy: 83.090
	Epoch: 086/100, Training loss: 2.159, Training Accuracy: 82.986
	Epoch: 087/100, Training loss: 2.155, Training Accuracy: 83.646
	Epoch: 088/100, Training loss: 2.158, Training Accuracy: 83.090
	Epoch: 089/100, Training loss: 2.159, Training Accuracy: 82.882
	Epoch: 090/100, Training loss: 2.154, Training Accuracy: 83.299
	Epoch: 091/100, Training loss: 2.145, Training Accuracy: 84.896
	Epoch: 092/100, Training loss: 2.148, Training Accuracy: 84.653
	Epoch: 093/100, Training loss: 2.153, Training Accuracy: 83.368
	Epoch: 094/100, Training loss: 2.149, Training Accuracy: 84.132
	Epoch: 095/100, Training loss: 2.146, Training Accuracy: 84.201
	Epoch: 096/100, Training loss: 2.143, Training Accuracy: 84.375
	Epoch: 097/100, Training loss: 2.146, Training Accuracy: 84.306
	Epoch: 098/100, Training loss: 2.145, Training Accuracy: 84.514
	Epoch: 099/100, Training loss: 2.145, Training Accuracy: 84.167
	Epoch: 100/100, Training loss: 2.143, Training Accuracy: 84.444
Training completed!
Parameters of the model: 90130
NB: Accuracy = Correct / Total = 252 / 325 = 77.54%

Fold 1:
	Train: index=2925
	Test:  index=325
Start of training ...
	Epoch: 001/100, Training loss: 2.802, Training Accuracy: 21.736
	Epoch: 002/100, Training loss: 2.662, Training Accuracy: 35.868
	Epoch: 003/100, Training loss: 2.580, Training Accuracy: 43.646
	Epoch: 004/100, Training loss: 2.533, Training Accuracy: 48.229
	Epoch: 005/100, Training loss: 2.497, Training Accuracy: 53.403
	Epoch: 006/100, Training loss: 2.460, Training Accuracy: 55.174
	Epoch: 007/100, Training loss: 2.426, Training Accuracy: 58.611
	Epoch: 008/100, Training loss: 2.406, Training Accuracy: 61.563
	Epoch: 009/100, Training loss: 2.390, Training Accuracy: 61.875
	Epoch: 010/100, Training loss: 2.371, Training Accuracy: 64.028
	Epoch: 011/100, Training loss: 2.360, Training Accuracy: 64.410
	Epoch: 012/100, Training loss: 2.347, Training Accuracy: 66.354
	Epoch: 013/100, Training loss: 2.338, Training Accuracy: 67.292
	Epoch: 014/100, Training loss: 2.326, Training Accuracy: 67.674
	Epoch: 015/100, Training loss: 2.325, Training Accuracy: 68.333
	Epoch: 016/100, Training loss: 2.308, Training Accuracy: 69.583
	Epoch: 017/100, Training loss: 2.308, Training Accuracy: 69.583
	Epoch: 018/100, Training loss: 2.308, Training Accuracy: 69.236
	Epoch: 019/100, Training loss: 2.299, Training Accuracy: 70.035
	Epoch: 020/100, Training loss: 2.280, Training Accuracy: 72.153
	Epoch: 021/100, Training loss: 2.282, Training Accuracy: 71.285
	Epoch: 022/100, Training loss: 2.281, Training Accuracy: 71.528
	Epoch: 023/100, Training loss: 2.272, Training Accuracy: 73.021
	Epoch: 024/100, Training loss: 2.268, Training Accuracy: 73.264
	Epoch: 025/100, Training loss: 2.269, Training Accuracy: 73.403
	Epoch: 026/100, Training loss: 2.256, Training Accuracy: 74.167
	Epoch: 027/100, Training loss: 2.258, Training Accuracy: 74.167
	Epoch: 028/100, Training loss: 2.256, Training Accuracy: 74.688
	Epoch: 029/100, Training loss: 2.259, Training Accuracy: 73.264
	Epoch: 030/100, Training loss: 2.241, Training Accuracy: 75.799
	Epoch: 031/100, Training loss: 2.237, Training Accuracy: 76.007
	Epoch: 032/100, Training loss: 2.242, Training Accuracy: 75.556
	Epoch: 033/100, Training loss: 2.233, Training Accuracy: 76.458
	Epoch: 034/100, Training loss: 2.234, Training Accuracy: 76.076
	Epoch: 035/100, Training loss: 2.224, Training Accuracy: 77.222
	Epoch: 036/100, Training loss: 2.219, Training Accuracy: 77.847
	Epoch: 037/100, Training loss: 2.231, Training Accuracy: 76.632
	Epoch: 038/100, Training loss: 2.221, Training Accuracy: 77.326
	Epoch: 039/100, Training loss: 2.229, Training Accuracy: 76.736
	Epoch: 040/100, Training loss: 2.220, Training Accuracy: 77.118
	Epoch: 041/100, Training loss: 2.217, Training Accuracy: 77.708
	Epoch: 042/100, Training loss: 2.221, Training Accuracy: 77.465
	Epoch: 043/100, Training loss: 2.213, Training Accuracy: 78.299
	Epoch: 044/100, Training loss: 2.207, Training Accuracy: 78.472
	Epoch: 045/100, Training loss: 2.207, Training Accuracy: 78.715
	Epoch: 046/100, Training loss: 2.206, Training Accuracy: 78.507
	Epoch: 047/100, Training loss: 2.207, Training Accuracy: 78.403
	Epoch: 048/100, Training loss: 2.202, Training Accuracy: 79.514
	Epoch: 049/100, Training loss: 2.199, Training Accuracy: 79.201
	Epoch: 050/100, Training loss: 2.192, Training Accuracy: 80.312
	Epoch: 051/100, Training loss: 2.196, Training Accuracy: 79.618
	Epoch: 052/100, Training loss: 2.194, Training Accuracy: 80.035
	Epoch: 053/100, Training loss: 2.190, Training Accuracy: 80.625
	Epoch: 054/100, Training loss: 2.184, Training Accuracy: 81.181
	Epoch: 055/100, Training loss: 2.191, Training Accuracy: 80.417
	Epoch: 056/100, Training loss: 2.195, Training Accuracy: 79.757
	Epoch: 057/100, Training loss: 2.179, Training Accuracy: 81.701
	Epoch: 058/100, Training loss: 2.181, Training Accuracy: 81.181
	Epoch: 059/100, Training loss: 2.175, Training Accuracy: 81.597
	Epoch: 060/100, Training loss: 2.179, Training Accuracy: 81.111
	Epoch: 061/100, Training loss: 2.187, Training Accuracy: 80.382
	Epoch: 062/100, Training loss: 2.184, Training Accuracy: 80.903
	Epoch: 063/100, Training loss: 2.183, Training Accuracy: 81.111
	Epoch: 064/100, Training loss: 2.178, Training Accuracy: 81.354
	Epoch: 065/100, Training loss: 2.183, Training Accuracy: 80.729
	Epoch: 066/100, Training loss: 2.172, Training Accuracy: 81.944
	Epoch: 067/100, Training loss: 2.174, Training Accuracy: 81.736
	Epoch: 068/100, Training loss: 2.178, Training Accuracy: 81.007
	Epoch: 069/100, Training loss: 2.169, Training Accuracy: 82.292
	Epoch: 070/100, Training loss: 2.164, Training Accuracy: 83.090
	Epoch: 071/100, Training loss: 2.171, Training Accuracy: 81.701
	Epoch: 072/100, Training loss: 2.176, Training Accuracy: 81.458
	Epoch: 073/100, Training loss: 2.166, Training Accuracy: 82.674
	Epoch: 074/100, Training loss: 2.172, Training Accuracy: 81.528
	Epoch: 075/100, Training loss: 2.164, Training Accuracy: 82.674
	Epoch: 076/100, Training loss: 2.163, Training Accuracy: 82.708
	Epoch: 077/100, Training loss: 2.167, Training Accuracy: 82.188
	Epoch: 078/100, Training loss: 2.156, Training Accuracy: 83.368
	Epoch: 079/100, Training loss: 2.161, Training Accuracy: 82.882
	Epoch: 080/100, Training loss: 2.157, Training Accuracy: 83.333
	Epoch: 081/100, Training loss: 2.161, Training Accuracy: 82.535
	Epoch: 082/100, Training loss: 2.159, Training Accuracy: 83.021
	Epoch: 083/100, Training loss: 2.149, Training Accuracy: 84.306
	Epoch: 084/100, Training loss: 2.162, Training Accuracy: 82.812
	Epoch: 085/100, Training loss: 2.150, Training Accuracy: 83.889
	Epoch: 086/100, Training loss: 2.152, Training Accuracy: 83.854
	Epoch: 087/100, Training loss: 2.145, Training Accuracy: 84.826
	Epoch: 088/100, Training loss: 2.152, Training Accuracy: 83.507
	Epoch: 089/100, Training loss: 2.146, Training Accuracy: 84.688
	Epoch: 090/100, Training loss: 2.148, Training Accuracy: 84.062
	Epoch: 091/100, Training loss: 2.154, Training Accuracy: 83.472
	Epoch: 092/100, Training loss: 2.157, Training Accuracy: 83.229
	Epoch: 093/100, Training loss: 2.152, Training Accuracy: 83.646
	Epoch: 094/100, Training loss: 2.145, Training Accuracy: 84.271
	Epoch: 095/100, Training loss: 2.148, Training Accuracy: 84.479
	Epoch: 096/100, Training loss: 2.150, Training Accuracy: 83.958
	Epoch: 097/100, Training loss: 2.145, Training Accuracy: 84.410
	Epoch: 098/100, Training loss: 2.148, Training Accuracy: 83.924
	Epoch: 099/100, Training loss: 2.150, Training Accuracy: 84.028
	Epoch: 100/100, Training loss: 2.148, Training Accuracy: 84.132
Training completed!
Parameters of the model: 90130
NB: Accuracy = Correct / Total = 250 / 325 = 76.92%

Fold 2:
	Train: index=2925
	Test:  index=325
Start of training ...
	Epoch: 001/100, Training loss: 2.805, Training Accuracy: 23.021
	Epoch: 002/100, Training loss: 2.657, Training Accuracy: 37.049
	Epoch: 003/100, Training loss: 2.580, Training Accuracy: 43.507
	Epoch: 004/100, Training loss: 2.545, Training Accuracy: 47.083
	Epoch: 005/100, Training loss: 2.500, Training Accuracy: 52.951
	Epoch: 006/100, Training loss: 2.461, Training Accuracy: 55.660
	Epoch: 007/100, Training loss: 2.437, Training Accuracy: 57.674
	Epoch: 008/100, Training loss: 2.424, Training Accuracy: 59.028
	Epoch: 009/100, Training loss: 2.409, Training Accuracy: 59.896
	Epoch: 010/100, Training loss: 2.386, Training Accuracy: 62.951
	Epoch: 011/100, Training loss: 2.371, Training Accuracy: 63.611
	Epoch: 012/100, Training loss: 2.360, Training Accuracy: 64.757
	Epoch: 013/100, Training loss: 2.343, Training Accuracy: 66.458
	Epoch: 014/100, Training loss: 2.341, Training Accuracy: 66.528
	Epoch: 015/100, Training loss: 2.321, Training Accuracy: 68.681
	Epoch: 016/100, Training loss: 2.317, Training Accuracy: 69.097
	Epoch: 017/100, Training loss: 2.317, Training Accuracy: 68.264
	Epoch: 018/100, Training loss: 2.305, Training Accuracy: 69.792
	Epoch: 019/100, Training loss: 2.304, Training Accuracy: 69.792
	Epoch: 020/100, Training loss: 2.305, Training Accuracy: 69.757
	Epoch: 021/100, Training loss: 2.290, Training Accuracy: 71.076
	Epoch: 022/100, Training loss: 2.291, Training Accuracy: 70.660
	Epoch: 023/100, Training loss: 2.285, Training Accuracy: 71.007
	Epoch: 024/100, Training loss: 2.278, Training Accuracy: 72.118
	Epoch: 025/100, Training loss: 2.267, Training Accuracy: 73.681
	Epoch: 026/100, Training loss: 2.271, Training Accuracy: 72.292
	Epoch: 027/100, Training loss: 2.259, Training Accuracy: 74.410
	Epoch: 028/100, Training loss: 2.267, Training Accuracy: 73.090
	Epoch: 029/100, Training loss: 2.268, Training Accuracy: 72.986
	Epoch: 030/100, Training loss: 2.255, Training Accuracy: 74.201
	Epoch: 031/100, Training loss: 2.250, Training Accuracy: 74.653
	Epoch: 032/100, Training loss: 2.252, Training Accuracy: 74.479
	Epoch: 033/100, Training loss: 2.247, Training Accuracy: 74.410
	Epoch: 034/100, Training loss: 2.242, Training Accuracy: 75.660
	Epoch: 035/100, Training loss: 2.233, Training Accuracy: 76.632
	Epoch: 036/100, Training loss: 2.237, Training Accuracy: 75.764
	Epoch: 037/100, Training loss: 2.226, Training Accuracy: 77.222
	Epoch: 038/100, Training loss: 2.232, Training Accuracy: 76.111
	Epoch: 039/100, Training loss: 2.228, Training Accuracy: 76.597
	Epoch: 040/100, Training loss: 2.230, Training Accuracy: 76.840
	Epoch: 041/100, Training loss: 2.234, Training Accuracy: 75.625
	Epoch: 042/100, Training loss: 2.223, Training Accuracy: 77.257
	Epoch: 043/100, Training loss: 2.215, Training Accuracy: 77.847
	Epoch: 044/100, Training loss: 2.215, Training Accuracy: 77.743
	Epoch: 045/100, Training loss: 2.215, Training Accuracy: 77.778
	Epoch: 046/100, Training loss: 2.217, Training Accuracy: 77.257
	Epoch: 047/100, Training loss: 2.216, Training Accuracy: 77.396
	Epoch: 048/100, Training loss: 2.212, Training Accuracy: 78.229
	Epoch: 049/100, Training loss: 2.213, Training Accuracy: 78.264
	Epoch: 050/100, Training loss: 2.205, Training Accuracy: 78.993
	Epoch: 051/100, Training loss: 2.207, Training Accuracy: 78.542
	Epoch: 052/100, Training loss: 2.209, Training Accuracy: 78.194
	Epoch: 053/100, Training loss: 2.201, Training Accuracy: 79.271
	Epoch: 054/100, Training loss: 2.198, Training Accuracy: 79.514
	Epoch: 055/100, Training loss: 2.198, Training Accuracy: 79.653
	Epoch: 056/100, Training loss: 2.202, Training Accuracy: 78.785
	Epoch: 057/100, Training loss: 2.205, Training Accuracy: 78.819
	Epoch: 058/100, Training loss: 2.192, Training Accuracy: 80.035
	Epoch: 059/100, Training loss: 2.201, Training Accuracy: 79.271
	Epoch: 060/100, Training loss: 2.183, Training Accuracy: 80.451
	Epoch: 061/100, Training loss: 2.183, Training Accuracy: 81.042
	Epoch: 062/100, Training loss: 2.188, Training Accuracy: 80.035
	Epoch: 063/100, Training loss: 2.186, Training Accuracy: 80.903
	Epoch: 064/100, Training loss: 2.188, Training Accuracy: 80.278
	Epoch: 065/100, Training loss: 2.189, Training Accuracy: 80.347
	Epoch: 066/100, Training loss: 2.186, Training Accuracy: 80.729
	Epoch: 067/100, Training loss: 2.183, Training Accuracy: 80.868
	Epoch: 068/100, Training loss: 2.183, Training Accuracy: 80.625
	Epoch: 069/100, Training loss: 2.177, Training Accuracy: 80.972
	Epoch: 070/100, Training loss: 2.178, Training Accuracy: 81.111
	Epoch: 071/100, Training loss: 2.166, Training Accuracy: 82.708
	Epoch: 072/100, Training loss: 2.175, Training Accuracy: 82.118
	Epoch: 073/100, Training loss: 2.178, Training Accuracy: 81.181
	Epoch: 074/100, Training loss: 2.173, Training Accuracy: 81.875
	Epoch: 075/100, Training loss: 2.178, Training Accuracy: 81.181
	Epoch: 076/100, Training loss: 2.173, Training Accuracy: 82.083
	Epoch: 077/100, Training loss: 2.174, Training Accuracy: 82.083
	Epoch: 078/100, Training loss: 2.173, Training Accuracy: 81.875
	Epoch: 079/100, Training loss: 2.165, Training Accuracy: 82.569
	Epoch: 080/100, Training loss: 2.163, Training Accuracy: 82.882
	Epoch: 081/100, Training loss: 2.167, Training Accuracy: 82.465
	Epoch: 082/100, Training loss: 2.166, Training Accuracy: 82.743
	Epoch: 083/100, Training loss: 2.168, Training Accuracy: 82.222
	Epoch: 084/100, Training loss: 2.157, Training Accuracy: 83.090
	Epoch: 085/100, Training loss: 2.159, Training Accuracy: 83.264
	Epoch: 086/100, Training loss: 2.159, Training Accuracy: 83.090
	Epoch: 087/100, Training loss: 2.164, Training Accuracy: 82.708
	Epoch: 088/100, Training loss: 2.165, Training Accuracy: 82.326
	Epoch: 089/100, Training loss: 2.166, Training Accuracy: 82.257
	Epoch: 090/100, Training loss: 2.163, Training Accuracy: 82.812
	Epoch: 091/100, Training loss: 2.152, Training Accuracy: 83.958
	Epoch: 092/100, Training loss: 2.157, Training Accuracy: 83.646
	Epoch: 093/100, Training loss: 2.156, Training Accuracy: 83.090
	Epoch: 094/100, Training loss: 2.153, Training Accuracy: 83.542
	Epoch: 095/100, Training loss: 2.152, Training Accuracy: 83.576
	Epoch: 096/100, Training loss: 2.154, Training Accuracy: 83.854
	Epoch: 097/100, Training loss: 2.158, Training Accuracy: 83.056
	Epoch: 098/100, Training loss: 2.141, Training Accuracy: 84.965
	Epoch: 099/100, Training loss: 2.145, Training Accuracy: 84.479
	Epoch: 100/100, Training loss: 2.145, Training Accuracy: 84.479
Training completed!
Parameters of the model: 90130
NB: Accuracy = Correct / Total = 268 / 325 = 82.46%

Fold 3:
	Train: index=2925
	Test:  index=325
Start of training ...
	Epoch: 001/100, Training loss: 2.804, Training Accuracy: 20.417
	Epoch: 002/100, Training loss: 2.656, Training Accuracy: 37.292
	Epoch: 003/100, Training loss: 2.573, Training Accuracy: 44.583
	Epoch: 004/100, Training loss: 2.528, Training Accuracy: 48.785
	Epoch: 005/100, Training loss: 2.496, Training Accuracy: 51.806
	Epoch: 006/100, Training loss: 2.459, Training Accuracy: 56.181
	Epoch: 007/100, Training loss: 2.436, Training Accuracy: 58.194
	Epoch: 008/100, Training loss: 2.407, Training Accuracy: 60.278
	Epoch: 009/100, Training loss: 2.395, Training Accuracy: 61.181
	Epoch: 010/100, Training loss: 2.377, Training Accuracy: 63.854
	Epoch: 011/100, Training loss: 2.360, Training Accuracy: 65.764
	Epoch: 012/100, Training loss: 2.351, Training Accuracy: 65.208
	Epoch: 013/100, Training loss: 2.340, Training Accuracy: 66.910
	Epoch: 014/100, Training loss: 2.330, Training Accuracy: 67.708
	Epoch: 015/100, Training loss: 2.321, Training Accuracy: 68.264
	Epoch: 016/100, Training loss: 2.312, Training Accuracy: 69.271
	Epoch: 017/100, Training loss: 2.311, Training Accuracy: 68.958
	Epoch: 018/100, Training loss: 2.308, Training Accuracy: 69.618
	Epoch: 019/100, Training loss: 2.297, Training Accuracy: 70.382
	Epoch: 020/100, Training loss: 2.291, Training Accuracy: 70.903
	Epoch: 021/100, Training loss: 2.288, Training Accuracy: 71.458
	Epoch: 022/100, Training loss: 2.286, Training Accuracy: 71.250
	Epoch: 023/100, Training loss: 2.279, Training Accuracy: 72.118
	Epoch: 024/100, Training loss: 2.275, Training Accuracy: 72.535
	Epoch: 025/100, Training loss: 2.266, Training Accuracy: 73.160
	Epoch: 026/100, Training loss: 2.259, Training Accuracy: 73.924
	Epoch: 027/100, Training loss: 2.265, Training Accuracy: 72.882
	Epoch: 028/100, Training loss: 2.250, Training Accuracy: 74.861
	Epoch: 029/100, Training loss: 2.255, Training Accuracy: 74.722
	Epoch: 030/100, Training loss: 2.255, Training Accuracy: 73.958
	Epoch: 031/100, Training loss: 2.243, Training Accuracy: 75.660
	Epoch: 032/100, Training loss: 2.243, Training Accuracy: 75.764
	Epoch: 033/100, Training loss: 2.243, Training Accuracy: 75.174
	Epoch: 034/100, Training loss: 2.245, Training Accuracy: 74.722
	Epoch: 035/100, Training loss: 2.234, Training Accuracy: 75.938
	Epoch: 036/100, Training loss: 2.230, Training Accuracy: 76.493
	Epoch: 037/100, Training loss: 2.240, Training Accuracy: 75.208
	Epoch: 038/100, Training loss: 2.230, Training Accuracy: 76.458
	Epoch: 039/100, Training loss: 2.232, Training Accuracy: 76.111
	Epoch: 040/100, Training loss: 2.230, Training Accuracy: 76.493
	Epoch: 041/100, Training loss: 2.221, Training Accuracy: 77.118
	Epoch: 042/100, Training loss: 2.214, Training Accuracy: 78.438
	Epoch: 043/100, Training loss: 2.211, Training Accuracy: 78.507
	Epoch: 044/100, Training loss: 2.223, Training Accuracy: 76.979
	Epoch: 045/100, Training loss: 2.223, Training Accuracy: 77.014
	Epoch: 046/100, Training loss: 2.208, Training Accuracy: 78.715
	Epoch: 047/100, Training loss: 2.208, Training Accuracy: 78.819
	Epoch: 048/100, Training loss: 2.205, Training Accuracy: 79.097
	Epoch: 049/100, Training loss: 2.198, Training Accuracy: 80.035
	Epoch: 050/100, Training loss: 2.205, Training Accuracy: 78.993
	Epoch: 051/100, Training loss: 2.201, Training Accuracy: 78.854
	Epoch: 052/100, Training loss: 2.201, Training Accuracy: 79.132
	Epoch: 053/100, Training loss: 2.204, Training Accuracy: 78.576
	Epoch: 054/100, Training loss: 2.187, Training Accuracy: 80.729
	Epoch: 055/100, Training loss: 2.192, Training Accuracy: 80.243
	Epoch: 056/100, Training loss: 2.189, Training Accuracy: 79.861
	Epoch: 057/100, Training loss: 2.195, Training Accuracy: 80.035
	Epoch: 058/100, Training loss: 2.189, Training Accuracy: 80.069
	Epoch: 059/100, Training loss: 2.184, Training Accuracy: 81.111
	Epoch: 060/100, Training loss: 2.181, Training Accuracy: 81.146
	Epoch: 061/100, Training loss: 2.186, Training Accuracy: 80.174
	Epoch: 062/100, Training loss: 2.188, Training Accuracy: 80.417
	Epoch: 063/100, Training loss: 2.188, Training Accuracy: 80.382
	Epoch: 064/100, Training loss: 2.183, Training Accuracy: 80.972
	Epoch: 065/100, Training loss: 2.179, Training Accuracy: 81.389
	Epoch: 066/100, Training loss: 2.181, Training Accuracy: 80.799
	Epoch: 067/100, Training loss: 2.186, Training Accuracy: 80.451
	Epoch: 068/100, Training loss: 2.173, Training Accuracy: 81.806
	Epoch: 069/100, Training loss: 2.177, Training Accuracy: 81.771
	Epoch: 070/100, Training loss: 2.172, Training Accuracy: 81.944
	Epoch: 071/100, Training loss: 2.174, Training Accuracy: 81.215
	Epoch: 072/100, Training loss: 2.167, Training Accuracy: 82.361
	Epoch: 073/100, Training loss: 2.168, Training Accuracy: 82.222
	Epoch: 074/100, Training loss: 2.176, Training Accuracy: 81.215
	Epoch: 075/100, Training loss: 2.177, Training Accuracy: 81.146
	Epoch: 076/100, Training loss: 2.171, Training Accuracy: 82.049
	Epoch: 077/100, Training loss: 2.163, Training Accuracy: 82.569
	Epoch: 078/100, Training loss: 2.158, Training Accuracy: 83.403
	Epoch: 079/100, Training loss: 2.171, Training Accuracy: 81.806
	Epoch: 080/100, Training loss: 2.164, Training Accuracy: 82.812
	Epoch: 081/100, Training loss: 2.161, Training Accuracy: 83.021
	Epoch: 082/100, Training loss: 2.165, Training Accuracy: 82.778
	Epoch: 083/100, Training loss: 2.171, Training Accuracy: 81.771
	Epoch: 084/100, Training loss: 2.160, Training Accuracy: 83.160
	Epoch: 085/100, Training loss: 2.164, Training Accuracy: 82.639
	Epoch: 086/100, Training loss: 2.155, Training Accuracy: 83.715
	Epoch: 087/100, Training loss: 2.158, Training Accuracy: 83.333
	Epoch: 088/100, Training loss: 2.156, Training Accuracy: 83.438
	Epoch: 089/100, Training loss: 2.156, Training Accuracy: 83.576
	Epoch: 090/100, Training loss: 2.151, Training Accuracy: 84.097
	Epoch: 091/100, Training loss: 2.150, Training Accuracy: 84.132
	Epoch: 092/100, Training loss: 2.154, Training Accuracy: 83.646
	Epoch: 093/100, Training loss: 2.153, Training Accuracy: 83.611
	Epoch: 094/100, Training loss: 2.156, Training Accuracy: 83.056
	Epoch: 095/100, Training loss: 2.153, Training Accuracy: 83.715
	Epoch: 096/100, Training loss: 2.155, Training Accuracy: 83.438
	Epoch: 097/100, Training loss: 2.149, Training Accuracy: 84.167
	Epoch: 098/100, Training loss: 2.153, Training Accuracy: 83.646
	Epoch: 099/100, Training loss: 2.151, Training Accuracy: 83.819
	Epoch: 100/100, Training loss: 2.149, Training Accuracy: 83.854
Training completed!
Parameters of the model: 90130
NB: Accuracy = Correct / Total = 269 / 325 = 82.77%

Fold 4:
	Train: index=2925
	Test:  index=325
Start of training ...
	Epoch: 001/100, Training loss: 2.809, Training Accuracy: 22.153
	Epoch: 002/100, Training loss: 2.654, Training Accuracy: 35.556
	Epoch: 003/100, Training loss: 2.589, Training Accuracy: 43.090
	Epoch: 004/100, Training loss: 2.535, Training Accuracy: 48.368
	Epoch: 005/100, Training loss: 2.497, Training Accuracy: 52.743
	Epoch: 006/100, Training loss: 2.453, Training Accuracy: 57.465
	Epoch: 007/100, Training loss: 2.430, Training Accuracy: 58.715
	Epoch: 008/100, Training loss: 2.405, Training Accuracy: 61.319
	Epoch: 009/100, Training loss: 2.389, Training Accuracy: 62.500
	Epoch: 010/100, Training loss: 2.373, Training Accuracy: 64.375
	Epoch: 011/100, Training loss: 2.359, Training Accuracy: 65.521
	Epoch: 012/100, Training loss: 2.345, Training Accuracy: 66.528
	Epoch: 013/100, Training loss: 2.339, Training Accuracy: 66.806
	Epoch: 014/100, Training loss: 2.329, Training Accuracy: 67.396
	Epoch: 015/100, Training loss: 2.315, Training Accuracy: 68.924
	Epoch: 016/100, Training loss: 2.319, Training Accuracy: 68.333
	Epoch: 017/100, Training loss: 2.302, Training Accuracy: 70.278
	Epoch: 018/100, Training loss: 2.299, Training Accuracy: 70.486
	Epoch: 019/100, Training loss: 2.305, Training Accuracy: 69.201
	Epoch: 020/100, Training loss: 2.288, Training Accuracy: 71.528
	Epoch: 021/100, Training loss: 2.286, Training Accuracy: 71.736
	Epoch: 022/100, Training loss: 2.279, Training Accuracy: 72.188
	Epoch: 023/100, Training loss: 2.276, Training Accuracy: 71.979
	Epoch: 024/100, Training loss: 2.269, Training Accuracy: 73.750
	Epoch: 025/100, Training loss: 2.269, Training Accuracy: 73.299
	Epoch: 026/100, Training loss: 2.257, Training Accuracy: 74.132
	Epoch: 027/100, Training loss: 2.260, Training Accuracy: 73.507
	Epoch: 028/100, Training loss: 2.257, Training Accuracy: 74.583
	Epoch: 029/100, Training loss: 2.239, Training Accuracy: 75.903
	Epoch: 030/100, Training loss: 2.255, Training Accuracy: 73.854
	Epoch: 031/100, Training loss: 2.242, Training Accuracy: 75.382
	Epoch: 032/100, Training loss: 2.236, Training Accuracy: 76.042
	Epoch: 033/100, Training loss: 2.239, Training Accuracy: 75.312
	Epoch: 034/100, Training loss: 2.234, Training Accuracy: 75.972
	Epoch: 035/100, Training loss: 2.226, Training Accuracy: 77.222
	Epoch: 036/100, Training loss: 2.228, Training Accuracy: 76.736
	Epoch: 037/100, Training loss: 2.228, Training Accuracy: 76.667
	Epoch: 038/100, Training loss: 2.227, Training Accuracy: 76.493
	Epoch: 039/100, Training loss: 2.223, Training Accuracy: 77.083
	Epoch: 040/100, Training loss: 2.222, Training Accuracy: 77.326
	Epoch: 041/100, Training loss: 2.213, Training Accuracy: 78.646
	Epoch: 042/100, Training loss: 2.224, Training Accuracy: 77.118
	Epoch: 043/100, Training loss: 2.213, Training Accuracy: 78.021
	Epoch: 044/100, Training loss: 2.210, Training Accuracy: 78.368
	Epoch: 045/100, Training loss: 2.202, Training Accuracy: 79.201
	Epoch: 046/100, Training loss: 2.213, Training Accuracy: 77.847
	Epoch: 047/100, Training loss: 2.210, Training Accuracy: 78.681
	Epoch: 048/100, Training loss: 2.202, Training Accuracy: 78.993
	Epoch: 049/100, Training loss: 2.210, Training Accuracy: 78.160
	Epoch: 050/100, Training loss: 2.193, Training Accuracy: 80.486
	Epoch: 051/100, Training loss: 2.198, Training Accuracy: 79.653
	Epoch: 052/100, Training loss: 2.192, Training Accuracy: 80.382
	Epoch: 053/100, Training loss: 2.188, Training Accuracy: 80.556
	Epoch: 054/100, Training loss: 2.187, Training Accuracy: 80.590
	Epoch: 055/100, Training loss: 2.192, Training Accuracy: 80.312
	Epoch: 056/100, Training loss: 2.192, Training Accuracy: 80.174
	Epoch: 057/100, Training loss: 2.183, Training Accuracy: 80.868
	Epoch: 058/100, Training loss: 2.182, Training Accuracy: 80.972
	Epoch: 059/100, Training loss: 2.193, Training Accuracy: 79.618
	Epoch: 060/100, Training loss: 2.183, Training Accuracy: 80.833
	Epoch: 061/100, Training loss: 2.181, Training Accuracy: 81.215
	Epoch: 062/100, Training loss: 2.183, Training Accuracy: 81.007
	Epoch: 063/100, Training loss: 2.181, Training Accuracy: 81.250
	Epoch: 064/100, Training loss: 2.180, Training Accuracy: 81.250
	Epoch: 065/100, Training loss: 2.179, Training Accuracy: 81.840
	Epoch: 066/100, Training loss: 2.178, Training Accuracy: 81.458
	Epoch: 067/100, Training loss: 2.171, Training Accuracy: 81.910
	Epoch: 068/100, Training loss: 2.174, Training Accuracy: 82.118
	Epoch: 069/100, Training loss: 2.181, Training Accuracy: 80.556
	Epoch: 070/100, Training loss: 2.179, Training Accuracy: 81.181
	Epoch: 071/100, Training loss: 2.164, Training Accuracy: 82.639
	Epoch: 072/100, Training loss: 2.162, Training Accuracy: 83.056
	Epoch: 073/100, Training loss: 2.171, Training Accuracy: 82.118
	Epoch: 074/100, Training loss: 2.167, Training Accuracy: 82.431
	Epoch: 075/100, Training loss: 2.173, Training Accuracy: 81.562
	Epoch: 076/100, Training loss: 2.166, Training Accuracy: 82.431
	Epoch: 077/100, Training loss: 2.169, Training Accuracy: 82.465
	Epoch: 078/100, Training loss: 2.163, Training Accuracy: 83.056
	Epoch: 079/100, Training loss: 2.154, Training Accuracy: 84.028
	Epoch: 080/100, Training loss: 2.157, Training Accuracy: 83.125
	Epoch: 081/100, Training loss: 2.159, Training Accuracy: 82.847
	Epoch: 082/100, Training loss: 2.165, Training Accuracy: 82.465
	Epoch: 083/100, Training loss: 2.154, Training Accuracy: 83.438
	Epoch: 084/100, Training loss: 2.155, Training Accuracy: 83.750
	Epoch: 085/100, Training loss: 2.155, Training Accuracy: 83.403
	Epoch: 086/100, Training loss: 2.159, Training Accuracy: 83.194
	Epoch: 087/100, Training loss: 2.154, Training Accuracy: 83.646
	Epoch: 088/100, Training loss: 2.156, Training Accuracy: 83.507
	Epoch: 089/100, Training loss: 2.142, Training Accuracy: 84.722
	Epoch: 090/100, Training loss: 2.152, Training Accuracy: 83.750
	Epoch: 091/100, Training loss: 2.145, Training Accuracy: 84.444
	Epoch: 092/100, Training loss: 2.144, Training Accuracy: 84.549
	Epoch: 093/100, Training loss: 2.145, Training Accuracy: 84.861
	Epoch: 094/100, Training loss: 2.143, Training Accuracy: 84.757
	Epoch: 095/100, Training loss: 2.152, Training Accuracy: 83.090
	Epoch: 096/100, Training loss: 2.140, Training Accuracy: 85.069
	Epoch: 097/100, Training loss: 2.140, Training Accuracy: 84.861
	Epoch: 098/100, Training loss: 2.147, Training Accuracy: 83.993
	Epoch: 099/100, Training loss: 2.154, Training Accuracy: 83.576
	Epoch: 100/100, Training loss: 2.144, Training Accuracy: 84.479
Training completed!
Parameters of the model: 90130
NB: Accuracy = Correct / Total = 268 / 325 = 82.46%

Fold 5:
	Train: index=2925
	Test:  index=325
Start of training ...
	Epoch: 001/100, Training loss: 2.808, Training Accuracy: 22.639
	Epoch: 002/100, Training loss: 2.650, Training Accuracy: 37.361
	Epoch: 003/100, Training loss: 2.575, Training Accuracy: 43.681
	Epoch: 004/100, Training loss: 2.537, Training Accuracy: 48.542
	Epoch: 005/100, Training loss: 2.495, Training Accuracy: 52.882
	Epoch: 006/100, Training loss: 2.466, Training Accuracy: 55.417
	Epoch: 007/100, Training loss: 2.443, Training Accuracy: 57.257
	Epoch: 008/100, Training loss: 2.410, Training Accuracy: 61.042
	Epoch: 009/100, Training loss: 2.390, Training Accuracy: 62.326
	Epoch: 010/100, Training loss: 2.378, Training Accuracy: 63.194
	Epoch: 011/100, Training loss: 2.356, Training Accuracy: 65.347
	Epoch: 012/100, Training loss: 2.352, Training Accuracy: 65.764
	Epoch: 013/100, Training loss: 2.335, Training Accuracy: 67.674
	Epoch: 014/100, Training loss: 2.323, Training Accuracy: 68.160
	Epoch: 015/100, Training loss: 2.317, Training Accuracy: 68.681
	Epoch: 016/100, Training loss: 2.311, Training Accuracy: 69.340
	Epoch: 017/100, Training loss: 2.302, Training Accuracy: 70.139
	Epoch: 018/100, Training loss: 2.294, Training Accuracy: 71.146
	Epoch: 019/100, Training loss: 2.294, Training Accuracy: 70.278
	Epoch: 020/100, Training loss: 2.280, Training Accuracy: 72.292
	Epoch: 021/100, Training loss: 2.287, Training Accuracy: 71.146
	Epoch: 022/100, Training loss: 2.280, Training Accuracy: 71.979
	Epoch: 023/100, Training loss: 2.270, Training Accuracy: 72.778
	Epoch: 024/100, Training loss: 2.268, Training Accuracy: 73.229
	Epoch: 025/100, Training loss: 2.266, Training Accuracy: 73.299
	Epoch: 026/100, Training loss: 2.250, Training Accuracy: 75.139
	Epoch: 027/100, Training loss: 2.256, Training Accuracy: 74.306
	Epoch: 028/100, Training loss: 2.254, Training Accuracy: 74.444
	Epoch: 029/100, Training loss: 2.256, Training Accuracy: 73.924
	Epoch: 030/100, Training loss: 2.242, Training Accuracy: 75.486
	Epoch: 031/100, Training loss: 2.246, Training Accuracy: 75.208
	Epoch: 032/100, Training loss: 2.242, Training Accuracy: 75.764
	Epoch: 033/100, Training loss: 2.239, Training Accuracy: 75.868
	Epoch: 034/100, Training loss: 2.237, Training Accuracy: 75.625
	Epoch: 035/100, Training loss: 2.236, Training Accuracy: 75.903
	Epoch: 036/100, Training loss: 2.226, Training Accuracy: 77.326
	Epoch: 037/100, Training loss: 2.233, Training Accuracy: 76.146
	Epoch: 038/100, Training loss: 2.226, Training Accuracy: 76.562
	Epoch: 039/100, Training loss: 2.232, Training Accuracy: 76.319
	Epoch: 040/100, Training loss: 2.218, Training Accuracy: 77.292
	Epoch: 041/100, Training loss: 2.232, Training Accuracy: 75.799
	Epoch: 042/100, Training loss: 2.222, Training Accuracy: 77.188
	Epoch: 043/100, Training loss: 2.219, Training Accuracy: 77.396
	Epoch: 044/100, Training loss: 2.210, Training Accuracy: 78.889
	Epoch: 045/100, Training loss: 2.206, Training Accuracy: 78.889
	Epoch: 046/100, Training loss: 2.206, Training Accuracy: 78.715
	Epoch: 047/100, Training loss: 2.212, Training Accuracy: 78.125
	Epoch: 048/100, Training loss: 2.211, Training Accuracy: 78.368
	Epoch: 049/100, Training loss: 2.216, Training Accuracy: 77.708
	Epoch: 050/100, Training loss: 2.200, Training Accuracy: 79.271
	Epoch: 051/100, Training loss: 2.201, Training Accuracy: 78.889
	Epoch: 052/100, Training loss: 2.207, Training Accuracy: 78.715
	Epoch: 053/100, Training loss: 2.201, Training Accuracy: 79.271
	Epoch: 054/100, Training loss: 2.202, Training Accuracy: 79.062
	Epoch: 055/100, Training loss: 2.205, Training Accuracy: 78.299
	Epoch: 056/100, Training loss: 2.199, Training Accuracy: 79.653
	Epoch: 057/100, Training loss: 2.195, Training Accuracy: 79.792
	Epoch: 058/100, Training loss: 2.195, Training Accuracy: 79.583
	Epoch: 059/100, Training loss: 2.191, Training Accuracy: 80.486
	Epoch: 060/100, Training loss: 2.195, Training Accuracy: 79.688
	Epoch: 061/100, Training loss: 2.194, Training Accuracy: 79.479
	Epoch: 062/100, Training loss: 2.195, Training Accuracy: 79.653
	Epoch: 063/100, Training loss: 2.178, Training Accuracy: 81.354
	Epoch: 064/100, Training loss: 2.175, Training Accuracy: 81.562
	Epoch: 065/100, Training loss: 2.177, Training Accuracy: 81.632
	Epoch: 066/100, Training loss: 2.187, Training Accuracy: 80.417
	Epoch: 067/100, Training loss: 2.181, Training Accuracy: 81.354
	Epoch: 068/100, Training loss: 2.180, Training Accuracy: 81.319
	Epoch: 069/100, Training loss: 2.174, Training Accuracy: 81.910
	Epoch: 070/100, Training loss: 2.181, Training Accuracy: 80.764
	Epoch: 071/100, Training loss: 2.173, Training Accuracy: 81.979
	Epoch: 072/100, Training loss: 2.175, Training Accuracy: 81.215
	Epoch: 073/100, Training loss: 2.170, Training Accuracy: 82.153
	Epoch: 074/100, Training loss: 2.172, Training Accuracy: 81.806
	Epoch: 075/100, Training loss: 2.171, Training Accuracy: 81.979
	Epoch: 076/100, Training loss: 2.170, Training Accuracy: 81.840
	Epoch: 077/100, Training loss: 2.175, Training Accuracy: 81.562
	Epoch: 078/100, Training loss: 2.168, Training Accuracy: 81.840
	Epoch: 079/100, Training loss: 2.171, Training Accuracy: 82.326
	Epoch: 080/100, Training loss: 2.179, Training Accuracy: 81.076
	Epoch: 081/100, Training loss: 2.165, Training Accuracy: 82.465
	Epoch: 082/100, Training loss: 2.166, Training Accuracy: 82.500
	Epoch: 083/100, Training loss: 2.162, Training Accuracy: 83.056
	Epoch: 084/100, Training loss: 2.165, Training Accuracy: 82.708
	Epoch: 085/100, Training loss: 2.168, Training Accuracy: 82.014
	Epoch: 086/100, Training loss: 2.166, Training Accuracy: 82.118
	Epoch: 087/100, Training loss: 2.161, Training Accuracy: 82.882
	Epoch: 088/100, Training loss: 2.162, Training Accuracy: 82.847
	Epoch: 089/100, Training loss: 2.161, Training Accuracy: 82.951
	Epoch: 090/100, Training loss: 2.158, Training Accuracy: 83.229
	Epoch: 091/100, Training loss: 2.155, Training Accuracy: 83.542
	Epoch: 092/100, Training loss: 2.168, Training Accuracy: 82.292
	Epoch: 093/100, Training loss: 2.157, Training Accuracy: 83.854
	Epoch: 094/100, Training loss: 2.155, Training Accuracy: 83.750
	Epoch: 095/100, Training loss: 2.158, Training Accuracy: 83.056
	Epoch: 096/100, Training loss: 2.157, Training Accuracy: 83.160
	Epoch: 097/100, Training loss: 2.156, Training Accuracy: 82.639
	Epoch: 098/100, Training loss: 2.155, Training Accuracy: 83.194
	Epoch: 099/100, Training loss: 2.153, Training Accuracy: 83.472
	Epoch: 100/100, Training loss: 2.153, Training Accuracy: 83.160
Training completed!
Parameters of the model: 90130
NB: Accuracy = Correct / Total = 267 / 325 = 82.15%

Fold 6:
	Train: index=2925
	Test:  index=325
Start of training ...
	Epoch: 001/100, Training loss: 2.797, Training Accuracy: 25.139
	Epoch: 002/100, Training loss: 2.646, Training Accuracy: 36.771
	Epoch: 003/100, Training loss: 2.588, Training Accuracy: 41.632
	Epoch: 004/100, Training loss: 2.544, Training Accuracy: 47.257
	Epoch: 005/100, Training loss: 2.502, Training Accuracy: 51.528
	Epoch: 006/100, Training loss: 2.469, Training Accuracy: 55.208
	Epoch: 007/100, Training loss: 2.436, Training Accuracy: 58.229
	Epoch: 008/100, Training loss: 2.411, Training Accuracy: 60.486
	Epoch: 009/100, Training loss: 2.391, Training Accuracy: 62.222
	Epoch: 010/100, Training loss: 2.380, Training Accuracy: 63.056
	Epoch: 011/100, Training loss: 2.362, Training Accuracy: 64.583
	Epoch: 012/100, Training loss: 2.352, Training Accuracy: 66.076
	Epoch: 013/100, Training loss: 2.336, Training Accuracy: 66.979
	Epoch: 014/100, Training loss: 2.330, Training Accuracy: 67.674
	Epoch: 015/100, Training loss: 2.326, Training Accuracy: 67.986
	Epoch: 016/100, Training loss: 2.309, Training Accuracy: 69.618
	Epoch: 017/100, Training loss: 2.307, Training Accuracy: 69.722
	Epoch: 018/100, Training loss: 2.297, Training Accuracy: 71.424
	Epoch: 019/100, Training loss: 2.291, Training Accuracy: 70.799
	Epoch: 020/100, Training loss: 2.287, Training Accuracy: 71.875
	Epoch: 021/100, Training loss: 2.286, Training Accuracy: 71.354
	Epoch: 022/100, Training loss: 2.275, Training Accuracy: 72.847
	Epoch: 023/100, Training loss: 2.270, Training Accuracy: 73.021
	Epoch: 024/100, Training loss: 2.267, Training Accuracy: 73.090
	Epoch: 025/100, Training loss: 2.269, Training Accuracy: 73.021
	Epoch: 026/100, Training loss: 2.245, Training Accuracy: 75.694
	Epoch: 027/100, Training loss: 2.255, Training Accuracy: 74.444
	Epoch: 028/100, Training loss: 2.246, Training Accuracy: 75.382
	Epoch: 029/100, Training loss: 2.248, Training Accuracy: 74.618
	Epoch: 030/100, Training loss: 2.250, Training Accuracy: 74.931
	Epoch: 031/100, Training loss: 2.246, Training Accuracy: 74.792
	Epoch: 032/100, Training loss: 2.239, Training Accuracy: 76.007
	Epoch: 033/100, Training loss: 2.238, Training Accuracy: 75.694
	Epoch: 034/100, Training loss: 2.236, Training Accuracy: 75.903
	Epoch: 035/100, Training loss: 2.242, Training Accuracy: 75.486
	Epoch: 036/100, Training loss: 2.237, Training Accuracy: 75.729
	Epoch: 037/100, Training loss: 2.232, Training Accuracy: 76.736
	Epoch: 038/100, Training loss: 2.224, Training Accuracy: 77.014
	Epoch: 039/100, Training loss: 2.224, Training Accuracy: 77.153
	Epoch: 040/100, Training loss: 2.221, Training Accuracy: 77.257
	Epoch: 041/100, Training loss: 2.218, Training Accuracy: 77.674
	Epoch: 042/100, Training loss: 2.213, Training Accuracy: 78.368
	Epoch: 043/100, Training loss: 2.208, Training Accuracy: 78.819
	Epoch: 044/100, Training loss: 2.209, Training Accuracy: 78.264
	Epoch: 045/100, Training loss: 2.205, Training Accuracy: 78.715
	Epoch: 046/100, Training loss: 2.210, Training Accuracy: 78.021
	Epoch: 047/100, Training loss: 2.210, Training Accuracy: 78.333
	Epoch: 048/100, Training loss: 2.200, Training Accuracy: 79.062
	Epoch: 049/100, Training loss: 2.203, Training Accuracy: 78.576
	Epoch: 050/100, Training loss: 2.199, Training Accuracy: 79.861
	Epoch: 051/100, Training loss: 2.199, Training Accuracy: 78.958
	Epoch: 052/100, Training loss: 2.205, Training Accuracy: 78.542
	Epoch: 053/100, Training loss: 2.196, Training Accuracy: 79.479
	Epoch: 054/100, Training loss: 2.196, Training Accuracy: 79.514
	Epoch: 055/100, Training loss: 2.190, Training Accuracy: 80.347
	Epoch: 056/100, Training loss: 2.188, Training Accuracy: 80.868
	Epoch: 057/100, Training loss: 2.184, Training Accuracy: 80.868
	Epoch: 058/100, Training loss: 2.193, Training Accuracy: 79.896
	Epoch: 059/100, Training loss: 2.192, Training Accuracy: 79.826
	Epoch: 060/100, Training loss: 2.178, Training Accuracy: 81.354
	Epoch: 061/100, Training loss: 2.191, Training Accuracy: 80.104
	Epoch: 062/100, Training loss: 2.185, Training Accuracy: 80.694
	Epoch: 063/100, Training loss: 2.180, Training Accuracy: 81.389
	Epoch: 064/100, Training loss: 2.193, Training Accuracy: 79.826
	Epoch: 065/100, Training loss: 2.187, Training Accuracy: 80.868
	Epoch: 066/100, Training loss: 2.186, Training Accuracy: 80.382
	Epoch: 067/100, Training loss: 2.186, Training Accuracy: 80.312
	Epoch: 068/100, Training loss: 2.177, Training Accuracy: 81.701
	Epoch: 069/100, Training loss: 2.177, Training Accuracy: 81.319
	Epoch: 070/100, Training loss: 2.181, Training Accuracy: 80.868
	Epoch: 071/100, Training loss: 2.174, Training Accuracy: 81.910
	Epoch: 072/100, Training loss: 2.176, Training Accuracy: 81.597
	Epoch: 073/100, Training loss: 2.166, Training Accuracy: 82.326
	Epoch: 074/100, Training loss: 2.172, Training Accuracy: 81.910
	Epoch: 075/100, Training loss: 2.176, Training Accuracy: 81.319
	Epoch: 076/100, Training loss: 2.169, Training Accuracy: 82.396
	Epoch: 077/100, Training loss: 2.174, Training Accuracy: 81.354
	Epoch: 078/100, Training loss: 2.165, Training Accuracy: 82.743
	Epoch: 079/100, Training loss: 2.160, Training Accuracy: 83.056
	Epoch: 080/100, Training loss: 2.164, Training Accuracy: 82.917
	Epoch: 081/100, Training loss: 2.165, Training Accuracy: 82.396
	Epoch: 082/100, Training loss: 2.155, Training Accuracy: 83.542
	Epoch: 083/100, Training loss: 2.157, Training Accuracy: 83.229
	Epoch: 084/100, Training loss: 2.162, Training Accuracy: 82.812
	Epoch: 085/100, Training loss: 2.162, Training Accuracy: 82.882
	Epoch: 086/100, Training loss: 2.165, Training Accuracy: 82.222
	Epoch: 087/100, Training loss: 2.156, Training Accuracy: 83.715
	Epoch: 088/100, Training loss: 2.161, Training Accuracy: 82.812
	Epoch: 089/100, Training loss: 2.151, Training Accuracy: 84.028
	Epoch: 090/100, Training loss: 2.154, Training Accuracy: 83.611
	Epoch: 091/100, Training loss: 2.165, Training Accuracy: 82.361
	Epoch: 092/100, Training loss: 2.148, Training Accuracy: 83.924
	Epoch: 093/100, Training loss: 2.143, Training Accuracy: 84.931
	Epoch: 094/100, Training loss: 2.155, Training Accuracy: 83.368
	Epoch: 095/100, Training loss: 2.151, Training Accuracy: 83.958
	Epoch: 096/100, Training loss: 2.148, Training Accuracy: 84.167
	Epoch: 097/100, Training loss: 2.149, Training Accuracy: 84.028
	Epoch: 098/100, Training loss: 2.144, Training Accuracy: 84.931
	Epoch: 099/100, Training loss: 2.143, Training Accuracy: 84.340
	Epoch: 100/100, Training loss: 2.142, Training Accuracy: 84.757
Training completed!
Parameters of the model: 90130
NB: Accuracy = Correct / Total = 253 / 325 = 77.85%

Fold 7:
	Train: index=2925
	Test:  index=325
Start of training ...
	Epoch: 001/100, Training loss: 2.804, Training Accuracy: 21.424
	Epoch: 002/100, Training loss: 2.670, Training Accuracy: 35.208
	Epoch: 003/100, Training loss: 2.579, Training Accuracy: 44.688
	Epoch: 004/100, Training loss: 2.528, Training Accuracy: 49.722
	Epoch: 005/100, Training loss: 2.496, Training Accuracy: 53.160
	Epoch: 006/100, Training loss: 2.450, Training Accuracy: 57.465
	Epoch: 007/100, Training loss: 2.424, Training Accuracy: 59.653
	Epoch: 008/100, Training loss: 2.400, Training Accuracy: 62.049
	Epoch: 009/100, Training loss: 2.390, Training Accuracy: 62.535
	Epoch: 010/100, Training loss: 2.372, Training Accuracy: 64.201
	Epoch: 011/100, Training loss: 2.357, Training Accuracy: 64.896
	Epoch: 012/100, Training loss: 2.345, Training Accuracy: 66.215
	Epoch: 013/100, Training loss: 2.340, Training Accuracy: 66.667
	Epoch: 014/100, Training loss: 2.321, Training Accuracy: 69.132
	Epoch: 015/100, Training loss: 2.321, Training Accuracy: 68.507
	Epoch: 016/100, Training loss: 2.304, Training Accuracy: 70.903
	Epoch: 017/100, Training loss: 2.314, Training Accuracy: 68.819
	Epoch: 018/100, Training loss: 2.303, Training Accuracy: 69.965
	Epoch: 019/100, Training loss: 2.300, Training Accuracy: 70.278
	Epoch: 020/100, Training loss: 2.286, Training Accuracy: 71.597
	Epoch: 021/100, Training loss: 2.276, Training Accuracy: 73.021
	Epoch: 022/100, Training loss: 2.284, Training Accuracy: 71.840
	Epoch: 023/100, Training loss: 2.272, Training Accuracy: 72.847
	Epoch: 024/100, Training loss: 2.259, Training Accuracy: 74.444
	Epoch: 025/100, Training loss: 2.256, Training Accuracy: 74.514
	Epoch: 026/100, Training loss: 2.264, Training Accuracy: 73.403
	Epoch: 027/100, Training loss: 2.254, Training Accuracy: 74.201
	Epoch: 028/100, Training loss: 2.248, Training Accuracy: 74.965
	Epoch: 029/100, Training loss: 2.249, Training Accuracy: 74.375
	Epoch: 030/100, Training loss: 2.244, Training Accuracy: 75.347
	Epoch: 031/100, Training loss: 2.242, Training Accuracy: 75.139
	Epoch: 032/100, Training loss: 2.240, Training Accuracy: 75.729
	Epoch: 033/100, Training loss: 2.237, Training Accuracy: 75.590
	Epoch: 034/100, Training loss: 2.235, Training Accuracy: 76.493
	Epoch: 035/100, Training loss: 2.227, Training Accuracy: 77.049
	Epoch: 036/100, Training loss: 2.225, Training Accuracy: 76.736
	Epoch: 037/100, Training loss: 2.233, Training Accuracy: 75.938
	Epoch: 038/100, Training loss: 2.220, Training Accuracy: 77.917
	Epoch: 039/100, Training loss: 2.222, Training Accuracy: 77.639
	Epoch: 040/100, Training loss: 2.219, Training Accuracy: 77.431
	Epoch: 041/100, Training loss: 2.222, Training Accuracy: 77.257
	Epoch: 042/100, Training loss: 2.211, Training Accuracy: 78.333
	Epoch: 043/100, Training loss: 2.212, Training Accuracy: 78.090
	Epoch: 044/100, Training loss: 2.206, Training Accuracy: 78.924
	Epoch: 045/100, Training loss: 2.199, Training Accuracy: 79.618
	Epoch: 046/100, Training loss: 2.205, Training Accuracy: 78.750
	Epoch: 047/100, Training loss: 2.201, Training Accuracy: 79.271
	Epoch: 048/100, Training loss: 2.206, Training Accuracy: 78.472
	Epoch: 049/100, Training loss: 2.203, Training Accuracy: 79.375
	Epoch: 050/100, Training loss: 2.201, Training Accuracy: 79.271
	Epoch: 051/100, Training loss: 2.195, Training Accuracy: 79.965
	Epoch: 052/100, Training loss: 2.195, Training Accuracy: 79.653
	Epoch: 053/100, Training loss: 2.198, Training Accuracy: 79.479
	Epoch: 054/100, Training loss: 2.184, Training Accuracy: 81.389
	Epoch: 055/100, Training loss: 2.197, Training Accuracy: 79.826
	Epoch: 056/100, Training loss: 2.176, Training Accuracy: 81.806
	Epoch: 057/100, Training loss: 2.182, Training Accuracy: 81.215
	Epoch: 058/100, Training loss: 2.195, Training Accuracy: 79.757
	Epoch: 059/100, Training loss: 2.179, Training Accuracy: 81.424
	Epoch: 060/100, Training loss: 2.187, Training Accuracy: 80.486
	Epoch: 061/100, Training loss: 2.180, Training Accuracy: 81.111
	Epoch: 062/100, Training loss: 2.190, Training Accuracy: 80.174
	Epoch: 063/100, Training loss: 2.177, Training Accuracy: 81.458
	Epoch: 064/100, Training loss: 2.180, Training Accuracy: 81.215
	Epoch: 065/100, Training loss: 2.178, Training Accuracy: 81.181
	Epoch: 066/100, Training loss: 2.172, Training Accuracy: 81.840
	Epoch: 067/100, Training loss: 2.172, Training Accuracy: 81.979
	Epoch: 068/100, Training loss: 2.175, Training Accuracy: 81.701
	Epoch: 069/100, Training loss: 2.171, Training Accuracy: 82.431
	Epoch: 070/100, Training loss: 2.169, Training Accuracy: 82.535
	Epoch: 071/100, Training loss: 2.175, Training Accuracy: 81.667
	Epoch: 072/100, Training loss: 2.172, Training Accuracy: 82.118
	Epoch: 073/100, Training loss: 2.164, Training Accuracy: 82.674
	Epoch: 074/100, Training loss: 2.164, Training Accuracy: 83.056
	Epoch: 075/100, Training loss: 2.169, Training Accuracy: 82.257
	Epoch: 076/100, Training loss: 2.162, Training Accuracy: 82.882
	Epoch: 077/100, Training loss: 2.163, Training Accuracy: 82.535
	Epoch: 078/100, Training loss: 2.165, Training Accuracy: 82.917
	Epoch: 079/100, Training loss: 2.151, Training Accuracy: 84.028
	Epoch: 080/100, Training loss: 2.163, Training Accuracy: 82.778
	Epoch: 081/100, Training loss: 2.149, Training Accuracy: 84.167
	Epoch: 082/100, Training loss: 2.157, Training Accuracy: 83.264
	Epoch: 083/100, Training loss: 2.151, Training Accuracy: 83.889
	Epoch: 084/100, Training loss: 2.156, Training Accuracy: 83.611
	Epoch: 085/100, Training loss: 2.156, Training Accuracy: 83.264
	Epoch: 086/100, Training loss: 2.152, Training Accuracy: 83.715
	Epoch: 087/100, Training loss: 2.153, Training Accuracy: 83.576
	Epoch: 088/100, Training loss: 2.147, Training Accuracy: 84.340
	Epoch: 089/100, Training loss: 2.152, Training Accuracy: 83.854
	Epoch: 090/100, Training loss: 2.158, Training Accuracy: 82.812
	Epoch: 091/100, Training loss: 2.144, Training Accuracy: 84.653
	Epoch: 092/100, Training loss: 2.146, Training Accuracy: 84.375
	Epoch: 093/100, Training loss: 2.147, Training Accuracy: 84.132
	Epoch: 094/100, Training loss: 2.136, Training Accuracy: 85.382
	Epoch: 095/100, Training loss: 2.142, Training Accuracy: 84.479
	Epoch: 096/100, Training loss: 2.148, Training Accuracy: 84.375
	Epoch: 097/100, Training loss: 2.149, Training Accuracy: 84.062
	Epoch: 098/100, Training loss: 2.145, Training Accuracy: 84.514
	Epoch: 099/100, Training loss: 2.132, Training Accuracy: 85.799
	Epoch: 100/100, Training loss: 2.149, Training Accuracy: 84.236
Training completed!
Parameters of the model: 90130
NB: Accuracy = Correct / Total = 248 / 325 = 76.31%

Fold 8:
	Train: index=2925
	Test:  index=325
Start of training ...
	Epoch: 001/100, Training loss: 2.807, Training Accuracy: 21.806
	Epoch: 002/100, Training loss: 2.658, Training Accuracy: 36.181
	Epoch: 003/100, Training loss: 2.583, Training Accuracy: 44.444
	Epoch: 004/100, Training loss: 2.531, Training Accuracy: 49.722
	Epoch: 005/100, Training loss: 2.479, Training Accuracy: 54.306
	Epoch: 006/100, Training loss: 2.447, Training Accuracy: 57.674
	Epoch: 007/100, Training loss: 2.423, Training Accuracy: 59.618
	Epoch: 008/100, Training loss: 2.404, Training Accuracy: 62.049
	Epoch: 009/100, Training loss: 2.391, Training Accuracy: 62.396
	Epoch: 010/100, Training loss: 2.377, Training Accuracy: 63.368
	Epoch: 011/100, Training loss: 2.357, Training Accuracy: 65.625
	Epoch: 012/100, Training loss: 2.356, Training Accuracy: 64.861
	Epoch: 013/100, Training loss: 2.347, Training Accuracy: 65.833
	Epoch: 014/100, Training loss: 2.333, Training Accuracy: 67.049
	Epoch: 015/100, Training loss: 2.322, Training Accuracy: 68.021
	Epoch: 016/100, Training loss: 2.321, Training Accuracy: 68.021
	Epoch: 017/100, Training loss: 2.313, Training Accuracy: 69.306
	Epoch: 018/100, Training loss: 2.301, Training Accuracy: 70.312
	Epoch: 019/100, Training loss: 2.299, Training Accuracy: 70.000
	Epoch: 020/100, Training loss: 2.289, Training Accuracy: 71.076
	Epoch: 021/100, Training loss: 2.288, Training Accuracy: 71.493
	Epoch: 022/100, Training loss: 2.283, Training Accuracy: 71.771
	Epoch: 023/100, Training loss: 2.279, Training Accuracy: 72.396
	Epoch: 024/100, Training loss: 2.272, Training Accuracy: 72.917
	Epoch: 025/100, Training loss: 2.267, Training Accuracy: 72.708
	Epoch: 026/100, Training loss: 2.266, Training Accuracy: 73.056
	Epoch: 027/100, Training loss: 2.259, Training Accuracy: 74.410
	Epoch: 028/100, Training loss: 2.260, Training Accuracy: 73.472
	Epoch: 029/100, Training loss: 2.259, Training Accuracy: 73.299
	Epoch: 030/100, Training loss: 2.251, Training Accuracy: 74.097
	Epoch: 031/100, Training loss: 2.235, Training Accuracy: 76.319
	Epoch: 032/100, Training loss: 2.243, Training Accuracy: 75.486
	Epoch: 033/100, Training loss: 2.248, Training Accuracy: 74.722
	Epoch: 034/100, Training loss: 2.232, Training Accuracy: 76.146
	Epoch: 035/100, Training loss: 2.249, Training Accuracy: 74.028
	Epoch: 036/100, Training loss: 2.235, Training Accuracy: 76.389
	Epoch: 037/100, Training loss: 2.233, Training Accuracy: 76.354
	Epoch: 038/100, Training loss: 2.233, Training Accuracy: 76.285
	Epoch: 039/100, Training loss: 2.227, Training Accuracy: 76.701
	Epoch: 040/100, Training loss: 2.230, Training Accuracy: 76.424
	Epoch: 041/100, Training loss: 2.223, Training Accuracy: 76.736
	Epoch: 042/100, Training loss: 2.228, Training Accuracy: 76.944
	Epoch: 043/100, Training loss: 2.229, Training Accuracy: 76.875
	Epoch: 044/100, Training loss: 2.220, Training Accuracy: 76.979
	Epoch: 045/100, Training loss: 2.225, Training Accuracy: 76.840
	Epoch: 046/100, Training loss: 2.217, Training Accuracy: 77.882
	Epoch: 047/100, Training loss: 2.207, Training Accuracy: 78.854
	Epoch: 048/100, Training loss: 2.206, Training Accuracy: 78.750
	Epoch: 049/100, Training loss: 2.213, Training Accuracy: 77.882
	Epoch: 050/100, Training loss: 2.208, Training Accuracy: 78.368
	Epoch: 051/100, Training loss: 2.196, Training Accuracy: 79.826
	Epoch: 052/100, Training loss: 2.197, Training Accuracy: 79.792
	Epoch: 053/100, Training loss: 2.202, Training Accuracy: 79.444
	Epoch: 054/100, Training loss: 2.203, Training Accuracy: 78.542
	Epoch: 055/100, Training loss: 2.198, Training Accuracy: 79.201
	Epoch: 056/100, Training loss: 2.192, Training Accuracy: 80.312
	Epoch: 057/100, Training loss: 2.188, Training Accuracy: 80.174
	Epoch: 058/100, Training loss: 2.191, Training Accuracy: 80.208
	Epoch: 059/100, Training loss: 2.193, Training Accuracy: 79.826
	Epoch: 060/100, Training loss: 2.184, Training Accuracy: 81.111
	Epoch: 061/100, Training loss: 2.186, Training Accuracy: 80.521
	Epoch: 062/100, Training loss: 2.185, Training Accuracy: 80.521
	Epoch: 063/100, Training loss: 2.180, Training Accuracy: 81.146
	Epoch: 064/100, Training loss: 2.184, Training Accuracy: 81.111
	Epoch: 065/100, Training loss: 2.187, Training Accuracy: 80.451
	Epoch: 066/100, Training loss: 2.173, Training Accuracy: 81.944
	Epoch: 067/100, Training loss: 2.180, Training Accuracy: 81.111
	Epoch: 068/100, Training loss: 2.178, Training Accuracy: 81.319
	Epoch: 069/100, Training loss: 2.177, Training Accuracy: 81.562
	Epoch: 070/100, Training loss: 2.173, Training Accuracy: 81.632
	Epoch: 071/100, Training loss: 2.169, Training Accuracy: 82.083
	Epoch: 072/100, Training loss: 2.172, Training Accuracy: 81.840
	Epoch: 073/100, Training loss: 2.177, Training Accuracy: 81.111
	Epoch: 074/100, Training loss: 2.172, Training Accuracy: 81.840
	Epoch: 075/100, Training loss: 2.173, Training Accuracy: 81.736
	Epoch: 076/100, Training loss: 2.178, Training Accuracy: 81.250
	Epoch: 077/100, Training loss: 2.164, Training Accuracy: 82.674
	Epoch: 078/100, Training loss: 2.171, Training Accuracy: 81.667
	Epoch: 079/100, Training loss: 2.168, Training Accuracy: 82.431
	Epoch: 080/100, Training loss: 2.165, Training Accuracy: 82.674
	Epoch: 081/100, Training loss: 2.170, Training Accuracy: 82.431
	Epoch: 082/100, Training loss: 2.169, Training Accuracy: 82.118
	Epoch: 083/100, Training loss: 2.159, Training Accuracy: 83.125
	Epoch: 084/100, Training loss: 2.165, Training Accuracy: 82.292
	Epoch: 085/100, Training loss: 2.153, Training Accuracy: 83.819
	Epoch: 086/100, Training loss: 2.158, Training Accuracy: 83.125
	Epoch: 087/100, Training loss: 2.169, Training Accuracy: 81.944
	Epoch: 088/100, Training loss: 2.158, Training Accuracy: 83.229
	Epoch: 089/100, Training loss: 2.157, Training Accuracy: 83.299
	Epoch: 090/100, Training loss: 2.166, Training Accuracy: 82.465
	Epoch: 091/100, Training loss: 2.155, Training Accuracy: 83.715
	Epoch: 092/100, Training loss: 2.149, Training Accuracy: 84.201
	Epoch: 093/100, Training loss: 2.160, Training Accuracy: 82.778
	Epoch: 094/100, Training loss: 2.161, Training Accuracy: 82.951
	Epoch: 095/100, Training loss: 2.152, Training Accuracy: 83.785
	Epoch: 096/100, Training loss: 2.145, Training Accuracy: 84.757
	Epoch: 097/100, Training loss: 2.149, Training Accuracy: 83.854
	Epoch: 098/100, Training loss: 2.153, Training Accuracy: 83.819
	Epoch: 099/100, Training loss: 2.151, Training Accuracy: 83.715
	Epoch: 100/100, Training loss: 2.157, Training Accuracy: 82.778
Training completed!
Parameters of the model: 90130
NB: Accuracy = Correct / Total = 257 / 325 = 79.08%

Fold 9:
	Train: index=2925
	Test:  index=325
Start of training ...
	Epoch: 001/100, Training loss: 2.794, Training Accuracy: 24.062
	Epoch: 002/100, Training loss: 2.642, Training Accuracy: 37.049
	Epoch: 003/100, Training loss: 2.576, Training Accuracy: 43.958
	Epoch: 004/100, Training loss: 2.525, Training Accuracy: 49.306
	Epoch: 005/100, Training loss: 2.492, Training Accuracy: 52.639
	Epoch: 006/100, Training loss: 2.461, Training Accuracy: 55.347
	Epoch: 007/100, Training loss: 2.432, Training Accuracy: 58.160
	Epoch: 008/100, Training loss: 2.419, Training Accuracy: 59.722
	Epoch: 009/100, Training loss: 2.392, Training Accuracy: 61.458
	Epoch: 010/100, Training loss: 2.375, Training Accuracy: 63.403
	Epoch: 011/100, Training loss: 2.365, Training Accuracy: 64.306
	Epoch: 012/100, Training loss: 2.348, Training Accuracy: 66.076
	Epoch: 013/100, Training loss: 2.345, Training Accuracy: 66.354
	Epoch: 014/100, Training loss: 2.338, Training Accuracy: 66.111
	Epoch: 015/100, Training loss: 2.327, Training Accuracy: 67.674
	Epoch: 016/100, Training loss: 2.319, Training Accuracy: 68.646
	Epoch: 017/100, Training loss: 2.308, Training Accuracy: 69.410
	Epoch: 018/100, Training loss: 2.306, Training Accuracy: 69.340
	Epoch: 019/100, Training loss: 2.296, Training Accuracy: 71.007
	Epoch: 020/100, Training loss: 2.294, Training Accuracy: 70.347
	Epoch: 021/100, Training loss: 2.283, Training Accuracy: 72.361
	Epoch: 022/100, Training loss: 2.287, Training Accuracy: 71.493
	Epoch: 023/100, Training loss: 2.276, Training Accuracy: 72.222
	Epoch: 024/100, Training loss: 2.273, Training Accuracy: 72.847
	Epoch: 025/100, Training loss: 2.270, Training Accuracy: 72.812
	Epoch: 026/100, Training loss: 2.271, Training Accuracy: 72.812
	Epoch: 027/100, Training loss: 2.265, Training Accuracy: 73.264
	Epoch: 028/100, Training loss: 2.260, Training Accuracy: 73.646
	Epoch: 029/100, Training loss: 2.252, Training Accuracy: 74.514
	Epoch: 030/100, Training loss: 2.259, Training Accuracy: 73.611
	Epoch: 031/100, Training loss: 2.252, Training Accuracy: 74.444
	Epoch: 032/100, Training loss: 2.245, Training Accuracy: 75.382
	Epoch: 033/100, Training loss: 2.246, Training Accuracy: 75.382
	Epoch: 034/100, Training loss: 2.238, Training Accuracy: 75.451
	Epoch: 035/100, Training loss: 2.237, Training Accuracy: 76.146
	Epoch: 036/100, Training loss: 2.233, Training Accuracy: 76.875
	Epoch: 037/100, Training loss: 2.236, Training Accuracy: 75.729
	Epoch: 038/100, Training loss: 2.231, Training Accuracy: 76.736
	Epoch: 039/100, Training loss: 2.222, Training Accuracy: 77.292
	Epoch: 040/100, Training loss: 2.217, Training Accuracy: 77.431
	Epoch: 041/100, Training loss: 2.218, Training Accuracy: 77.257
	Epoch: 042/100, Training loss: 2.215, Training Accuracy: 77.604
	Epoch: 043/100, Training loss: 2.212, Training Accuracy: 78.542
	Epoch: 044/100, Training loss: 2.216, Training Accuracy: 77.222
	Epoch: 045/100, Training loss: 2.216, Training Accuracy: 78.021
	Epoch: 046/100, Training loss: 2.207, Training Accuracy: 78.507
	Epoch: 047/100, Training loss: 2.211, Training Accuracy: 78.229
	Epoch: 048/100, Training loss: 2.203, Training Accuracy: 78.785
	Epoch: 049/100, Training loss: 2.201, Training Accuracy: 79.514
	Epoch: 050/100, Training loss: 2.201, Training Accuracy: 79.965
	Epoch: 051/100, Training loss: 2.207, Training Accuracy: 78.715
	Epoch: 052/100, Training loss: 2.195, Training Accuracy: 80.035
	Epoch: 053/100, Training loss: 2.199, Training Accuracy: 79.618
	Epoch: 054/100, Training loss: 2.197, Training Accuracy: 79.583
	Epoch: 055/100, Training loss: 2.200, Training Accuracy: 79.722
	Epoch: 056/100, Training loss: 2.195, Training Accuracy: 80.069
	Epoch: 057/100, Training loss: 2.189, Training Accuracy: 80.243
	Epoch: 058/100, Training loss: 2.189, Training Accuracy: 80.556
	Epoch: 059/100, Training loss: 2.185, Training Accuracy: 80.833
	Epoch: 060/100, Training loss: 2.189, Training Accuracy: 80.104
	Epoch: 061/100, Training loss: 2.187, Training Accuracy: 80.556
	Epoch: 062/100, Training loss: 2.174, Training Accuracy: 81.632
	Epoch: 063/100, Training loss: 2.183, Training Accuracy: 81.007
	Epoch: 064/100, Training loss: 2.179, Training Accuracy: 81.146
	Epoch: 065/100, Training loss: 2.181, Training Accuracy: 81.042
	Epoch: 066/100, Training loss: 2.181, Training Accuracy: 81.250
	Epoch: 067/100, Training loss: 2.182, Training Accuracy: 81.146
	Epoch: 068/100, Training loss: 2.176, Training Accuracy: 81.597
	Epoch: 069/100, Training loss: 2.175, Training Accuracy: 81.771
	Epoch: 070/100, Training loss: 2.171, Training Accuracy: 82.222
	Epoch: 071/100, Training loss: 2.173, Training Accuracy: 81.771
	Epoch: 072/100, Training loss: 2.174, Training Accuracy: 81.910
	Epoch: 073/100, Training loss: 2.162, Training Accuracy: 82.882
	Epoch: 074/100, Training loss: 2.170, Training Accuracy: 82.014
	Epoch: 075/100, Training loss: 2.172, Training Accuracy: 81.806
	Epoch: 076/100, Training loss: 2.172, Training Accuracy: 81.736
	Epoch: 077/100, Training loss: 2.160, Training Accuracy: 83.056
	Epoch: 078/100, Training loss: 2.164, Training Accuracy: 82.917
	Epoch: 079/100, Training loss: 2.161, Training Accuracy: 82.743
	Epoch: 080/100, Training loss: 2.172, Training Accuracy: 81.736
	Epoch: 081/100, Training loss: 2.169, Training Accuracy: 81.875
	Epoch: 082/100, Training loss: 2.159, Training Accuracy: 83.333
	Epoch: 083/100, Training loss: 2.162, Training Accuracy: 82.674
	Epoch: 084/100, Training loss: 2.155, Training Accuracy: 83.542
	Epoch: 085/100, Training loss: 2.155, Training Accuracy: 83.229
	Epoch: 086/100, Training loss: 2.154, Training Accuracy: 83.403
	Epoch: 087/100, Training loss: 2.154, Training Accuracy: 83.889
	Epoch: 088/100, Training loss: 2.150, Training Accuracy: 84.306
	Epoch: 089/100, Training loss: 2.156, Training Accuracy: 83.576
	Epoch: 090/100, Training loss: 2.154, Training Accuracy: 83.785
	Epoch: 091/100, Training loss: 2.156, Training Accuracy: 83.194
	Epoch: 092/100, Training loss: 2.150, Training Accuracy: 84.375
	Epoch: 093/100, Training loss: 2.149, Training Accuracy: 84.236
	Epoch: 094/100, Training loss: 2.146, Training Accuracy: 84.306
	Epoch: 095/100, Training loss: 2.145, Training Accuracy: 84.688
	Epoch: 096/100, Training loss: 2.138, Training Accuracy: 85.312
	Epoch: 097/100, Training loss: 2.145, Training Accuracy: 84.479
	Epoch: 098/100, Training loss: 2.146, Training Accuracy: 84.549
	Epoch: 099/100, Training loss: 2.148, Training Accuracy: 83.889
	Epoch: 100/100, Training loss: 2.150, Training Accuracy: 83.646
Training completed!
Parameters of the model: 90130
NB: Accuracy = Correct / Total = 263 / 325 = 80.92%


Overall Report:
	Average accuracy = 79.84615384615384
	MLP(
  (relu): ReLU()
  (dropout): Dropout(p=0.5, inplace=False)
  (softmax): Softmax(dim=1)
  (bnin): BatchNorm1d(256, eps=1e-05, momentum=0.1, affine=True, track_running_stats=True)
  (bnbout): BatchNorm1d(256, eps=1e-05, momentum=0.1, affine=True, track_running_stats=True)
  (linin): Linear(in_features=72, out_features=256, bias=True)
  (linbout): Linear(in_features=256, out_features=256, bias=True)
  (linout): Linear(in_features=256, out_features=18, bias=True)
)
Time consumed: 0:01:02.198571